This is pdfTeX, Version 3.1415926-2.5-1.40.14 (MiKTeX 2.9) (preloaded format=pdflatex 2015.2.22)  26 FEB 2015 03:09
entering extended mode
**Functional*Requirements.tex

("C:\Users\GASwipper Gcc\Documents\COS-301-Group-2-b\Functional Requirements.te
x"
LaTeX2e <2011/06/27>
Babel <v3.8m> and hyphenation patterns for english, afrikaans, ancientgreek, ar
abic, armenian, assamese, basque, bengali, bokmal, bulgarian, catalan, coptic, 
croatian, czech, danish, dutch, esperanto, estonian, farsi, finnish, french, ga
lician, german, german-x-2013-05-26, greek, gujarati, hindi, hungarian, iceland
ic, indonesian, interlingua, irish, italian, kannada, kurmanji, latin, latvian,
 lithuanian, malayalam, marathi, mongolian, mongolianlmc, monogreek, ngerman, n
german-x-2013-05-26, nynorsk, oriya, panjabi, pinyin, polish, portuguese, roman
ian, russian, sanskrit, serbian, slovak, slovenian, spanish, swedish, swissgerm
an, tamil, telugu, turkish, turkmen, ukenglish, ukrainian, uppersorbian, usengl
ishmax, welsh, loaded.
("C:\Program Files (x86)\MiKTeX 2.9\tex\latex\base\article.cls"
Document Class: article 2007/10/19 v1.4h Standard LaTeX document class
("C:\Program Files (x86)\MiKTeX 2.9\tex\latex\base\size12.clo"
File: size12.clo 2007/10/19 v1.4h Standard LaTeX file (size option)
)
\c@part=\count79
\c@section=\count80
\c@subsection=\count81
\c@subsubsection=\count82
\c@paragraph=\count83
\c@subparagraph=\count84
\c@figure=\count85
\c@table=\count86
\abovecaptionskip=\skip41
\belowcaptionskip=\skip42
\bibindent=\dimen102
)
("C:\Program Files (x86)\MiKTeX 2.9\tex\latex\oberdiek\bookmark.sty"
Package: bookmark 2011/12/02 v1.24 PDF bookmarks (HO)

("C:\Program Files (x86)\MiKTeX 2.9\tex\generic\oberdiek\pdfescape.sty"
Package: pdfescape 2011/11/25 v1.13 Implements pdfTeX's escape features (HO)

("C:\Program Files (x86)\MiKTeX 2.9\tex\generic\oberdiek\ltxcmds.sty"
Package: ltxcmds 2011/11/09 v1.22 LaTeX kernel commands for general use (HO)
)
("C:\Program Files (x86)\MiKTeX 2.9\tex\generic\oberdiek\pdftexcmds.sty"
Package: pdftexcmds 2011/11/29 v0.20 Utility functions of pdfTeX for LuaTeX (HO
)

("C:\Program Files (x86)\MiKTeX 2.9\tex\generic\oberdiek\infwarerr.sty"
Package: infwarerr 2010/04/08 v1.3 Providing info/warning/error messages (HO)
)
("C:\Program Files (x86)\MiKTeX 2.9\tex\generic\oberdiek\ifluatex.sty"
Package: ifluatex 2010/03/01 v1.3 Provides the ifluatex switch (HO)
Package ifluatex Info: LuaTeX not detected.
)
("C:\Program Files (x86)\MiKTeX 2.9\tex\generic\oberdiek\ifpdf.sty"
Package: ifpdf 2011/01/30 v2.3 Provides the ifpdf switch (HO)
Package ifpdf Info: pdfTeX in PDF mode is detected.
)
Package pdftexcmds Info: LuaTeX not detected.
Package pdftexcmds Info: \pdf@primitive is available.
Package pdftexcmds Info: \pdf@ifprimitive is available.
Package pdftexcmds Info: \pdfdraftmode found.
))
("C:\Program Files (x86)\MiKTeX 2.9\tex\generic\ifxetex\ifxetex.sty"
Package: ifxetex 2010/09/12 v0.6 Provides ifxetex conditional
)
("C:\Program Files (x86)\MiKTeX 2.9\tex\generic\oberdiek\ifvtex.sty"
Package: ifvtex 2010/03/01 v1.5 Detect VTeX and its facilities (HO)
Package ifvtex Info: VTeX not detected.
)
("C:\Program Files (x86)\MiKTeX 2.9\tex\latex\hyperref\hyperref.sty"
Package: hyperref 2012/11/06 v6.83m Hypertext links for LaTeX

("C:\Program Files (x86)\MiKTeX 2.9\tex\generic\oberdiek\hobsub-hyperref.sty"
Package: hobsub-hyperref 2012/04/25 v1.12 Bundle oberdiek, subset hyperref (HO)


("C:\Program Files (x86)\MiKTeX 2.9\tex\generic\oberdiek\hobsub-generic.sty"
Package: hobsub-generic 2012/04/25 v1.12 Bundle oberdiek, subset generic (HO)
Package: hobsub 2012/04/25 v1.12 Construct package bundles (HO)
Package hobsub Info: Skipping package `infwarerr' (already loaded).
Package hobsub Info: Skipping package `ltxcmds' (already loaded).
Package hobsub Info: Skipping package `ifluatex' (already loaded).
Package hobsub Info: Skipping package `ifvtex' (already loaded).
Package: intcalc 2007/09/27 v1.1 Expandable calculations with integers (HO)
Package hobsub Info: Skipping package `ifpdf' (already loaded).
Package: etexcmds 2011/02/16 v1.5 Avoid name clashes with e-TeX commands (HO)
Package etexcmds Info: Could not find \expanded.
(etexcmds)             That can mean that you are not using pdfTeX 1.50 or
(etexcmds)             that some package has redefined \expanded.
(etexcmds)             In the latter case, load this package earlier.
Package: kvsetkeys 2012/04/25 v1.16 Key value parser (HO)
Package: kvdefinekeys 2011/04/07 v1.3 Define keys (HO)
Package hobsub Info: Skipping package `pdftexcmds' (already loaded).
Package hobsub Info: Skipping package `pdfescape' (already loaded).
Package: bigintcalc 2012/04/08 v1.3 Expandable calculations on big integers (HO
)
Package: bitset 2011/01/30 v1.1 Handle bit-vector datatype (HO)
Package: uniquecounter 2011/01/30 v1.2 Provide unlimited unique counter (HO)
)
Package hobsub Info: Skipping package `hobsub' (already loaded).
Package: letltxmacro 2010/09/02 v1.4 Let assignment for LaTeX macros (HO)
Package: hopatch 2011/06/24 v1.1 Wrapper for package hooks (HO)
Package: xcolor-patch 2011/01/30 xcolor patch
Package: atveryend 2011/06/30 v1.8 Hooks at the very end of document (HO)
Package atveryend Info: \enddocument detected (standard20110627).
Package: atbegshi 2011/10/05 v1.16 At begin shipout hook (HO)
Package: refcount 2011/10/16 v3.4 Data extraction from label references (HO)
Package: hycolor 2011/01/30 v1.7 Color options for hyperref/bookmark (HO)
)
("C:\Program Files (x86)\MiKTeX 2.9\tex\latex\graphics\keyval.sty"
Package: keyval 1999/03/16 v1.13 key=value parser (DPC)
\KV@toks@=\toks14
)
("C:\Program Files (x86)\MiKTeX 2.9\tex\latex\oberdiek\auxhook.sty"
Package: auxhook 2011/03/04 v1.3 Hooks for auxiliary files (HO)
)
("C:\Program Files (x86)\MiKTeX 2.9\tex\latex\oberdiek\kvoptions.sty"
Package: kvoptions 2011/06/30 v3.11 Key value format for package options (HO)
)
\@linkdim=\dimen103
\Hy@linkcounter=\count87
\Hy@pagecounter=\count88

("C:\Program Files (x86)\MiKTeX 2.9\tex\latex\hyperref\pd1enc.def"
File: pd1enc.def 2012/11/06 v6.83m Hyperref: PDFDocEncoding definition (HO)
)
\Hy@SavedSpaceFactor=\count89

("C:\Program Files (x86)\MiKTeX 2.9\tex\latex\00miktex\hyperref.cfg"
File: hyperref.cfg 2002/06/06 v1.2 hyperref configuration of TeXLive
)
Package hyperref Info: Hyper figures OFF on input line 4443.
Package hyperref Info: Link nesting OFF on input line 4448.
Package hyperref Info: Hyper index ON on input line 4451.
Package hyperref Info: Plain pages OFF on input line 4458.
Package hyperref Info: Backreferencing OFF on input line 4463.
Package hyperref Info: Implicit mode ON; LaTeX internals redefined.
Package hyperref Info: Bookmarks ON on input line 4688.
\c@Hy@tempcnt=\count90

("C:\Program Files (x86)\MiKTeX 2.9\tex\latex\url\url.sty"
\Urlmuskip=\muskip10
Package: url 2013/09/16  ver 3.4  Verb mode for urls, etc.
)
LaTeX Info: Redefining \url on input line 5041.
\XeTeXLinkMargin=\dimen104
\Fld@menulength=\count91
\Field@Width=\dimen105
\Fld@charsize=\dimen106
Package hyperref Info: Hyper figures OFF on input line 6295.
Package hyperref Info: Link nesting OFF on input line 6300.
Package hyperref Info: Hyper index ON on input line 6303.
Package hyperref Info: backreferencing OFF on input line 6310.
Package hyperref Info: Link coloring OFF on input line 6315.
Package hyperref Info: Link coloring with OCG OFF on input line 6320.
Package hyperref Info: PDF/A mode OFF on input line 6325.
LaTeX Info: Redefining \ref on input line 6365.
LaTeX Info: Redefining \pageref on input line 6369.
\Hy@abspage=\count92
\c@Item=\count93
\c@Hfootnote=\count94
)

Package hyperref Message: Driver (autodetected): hpdftex.

("C:\Program Files (x86)\MiKTeX 2.9\tex\latex\hyperref\hpdftex.def"
File: hpdftex.def 2012/11/06 v6.83m Hyperref driver for pdfTeX
\Fld@listcount=\count95
\c@bookmark@seq@number=\count96

("C:\Program Files (x86)\MiKTeX 2.9\tex\latex\oberdiek\rerunfilecheck.sty"
Package: rerunfilecheck 2011/04/15 v1.7 Rerun checks for auxiliary files (HO)
Package uniquecounter Info: New unique counter `rerunfilecheck' on input line 2
82.
)
\Hy@SectionHShift=\skip43
)
("C:\Program Files (x86)\MiKTeX 2.9\tex\latex\oberdiek\bkm-pdftex.def"
File: bkm-pdftex.def 2011/12/02 v1.24 bookmark driver for pdfTeX (HO)
\BKM@id=\count97
))
("C:\Program Files (x86)\MiKTeX 2.9\tex\latex\graphics\graphicx.sty"
Package: graphicx 1999/02/16 v1.0f Enhanced LaTeX Graphics (DPC,SPQR)

("C:\Program Files (x86)\MiKTeX 2.9\tex\latex\graphics\graphics.sty"
Package: graphics 2009/02/05 v1.0o Standard LaTeX Graphics (DPC,SPQR)

("C:\Program Files (x86)\MiKTeX 2.9\tex\latex\graphics\trig.sty"
Package: trig 1999/03/16 v1.09 sin cos tan (DPC)
)
("C:\Program Files (x86)\MiKTeX 2.9\tex\latex\00miktex\graphics.cfg"
File: graphics.cfg 2007/01/18 v1.5 graphics configuration of teTeX/TeXLive
)
Package graphics Info: Driver file: pdftex.def on input line 91.

("C:\Program Files (x86)\MiKTeX 2.9\tex\latex\pdftex-def\pdftex.def"
File: pdftex.def 2011/05/27 v0.06d Graphics/color for pdfTeX
\Gread@gobject=\count98
))
\Gin@req@height=\dimen107
\Gin@req@width=\dimen108
)
("C:\Users\GASwipper Gcc\Documents\COS-301-Group-2-b\Functional Requirements.au
x")
LaTeX Font Info:    Checking defaults for OML/cmm/m/it on input line 6.
LaTeX Font Info:    ... okay on input line 6.
LaTeX Font Info:    Checking defaults for T1/cmr/m/n on input line 6.
LaTeX Font Info:    ... okay on input line 6.
LaTeX Font Info:    Checking defaults for OT1/cmr/m/n on input line 6.
LaTeX Font Info:    ... okay on input line 6.
LaTeX Font Info:    Checking defaults for OMS/cmsy/m/n on input line 6.
LaTeX Font Info:    ... okay on input line 6.
LaTeX Font Info:    Checking defaults for OMX/cmex/m/n on input line 6.
LaTeX Font Info:    ... okay on input line 6.
LaTeX Font Info:    Checking defaults for U/cmr/m/n on input line 6.
LaTeX Font Info:    ... okay on input line 6.
LaTeX Font Info:    Checking defaults for PD1/pdf/m/n on input line 6.
LaTeX Font Info:    ... okay on input line 6.
\AtBeginShipoutBox=\box26
Package hyperref Info: Link coloring OFF on input line 6.
 ("C:\Program Files (x86)\MiKTeX 2.9\tex\latex\hyperref\nameref.sty"
Package: nameref 2012/10/27 v2.43 Cross-referencing by name of section

("C:\Program Files (x86)\MiKTeX 2.9\tex\generic\oberdiek\gettitlestring.sty"
Package: gettitlestring 2010/12/03 v1.4 Cleanup title references (HO)
)
\c@section@level=\count99
)
LaTeX Info: Redefining \ref on input line 6.
LaTeX Info: Redefining \pageref on input line 6.
LaTeX Info: Redefining \nameref on input line 6.

("C:\Program Files (x86)\MiKTeX 2.9\tex\context\base\supp-pdf.mkii"
[Loading MPS to PDF converter (version 2006.09.02).]
\scratchcounter=\count100
\scratchdimen=\dimen109
\scratchbox=\box27
\nofMPsegments=\count101
\nofMParguments=\count102
\everyMPshowfont=\toks15
\MPscratchCnt=\count103
\MPscratchDim=\dimen110
\MPnumerator=\count104
\makeMPintoPDFobject=\count105
\everyMPtoPDFconversion=\toks16
) <images/UPlogo.jpg, id=3, 221.8689pt x 163.5711pt>
File: images/UPlogo.jpg Graphic file (type jpg)
 <use images/UPlogo.jpg>
Package pdftex.def Info: images/UPlogo.jpg used on input line 14.
(pdftex.def)             Requested size: 221.86835pt x 163.5707pt.


LaTeX Warning: Hyper reference `https://github.com/ByronDinkelmann/COS-301-Grou
p-2-b.git' on page 1 undefined on input line 32.

LaTeX Font Info:    External font `cmex10' loaded for size
(Font)              <12> on input line 36.
LaTeX Font Info:    External font `cmex10' loaded for size
(Font)              <8> on input line 36.
LaTeX Font Info:    External font `cmex10' loaded for size
(Font)              <6> on input line 36.
[1

{C:/ProgramData/MiKTeX/2.9/pdftex/config/pdftex.map} <C:/Users/GASwipper Gcc/Do
cuments/COS-301-Group-2-b/images/UPlogo.jpg>]
("C:\Users\GASwipper Gcc\Documents\COS-301-Group-2-b\Functional Requirements.to
c" [2

])
\tf@toc=\write3
 [3] [4]
Underfull \hbox (badness 10000) in paragraph at lines 59--61

 []


Underfull \hbox (badness 10000) in paragraph at lines 61--63

 []


Underfull \hbox (badness 10000) in paragraph at lines 63--65

 []


Underfull \hbox (badness 10000) in paragraph at lines 65--67

 []


Underfull \hbox (badness 10000) in paragraph at lines 67--69

 []


Underfull \hbox (badness 10000) in paragraph at lines 69--71

 []

[5] <images/CRUDOperations.jpg, id=110, 1057.9525pt x 685.56125pt>
File: images/CRUDOperations.jpg Graphic file (type jpg)

<use images/CRUDOperations.jpg>
Package pdftex.def Info: images/CRUDOperations.jpg used on input line 94.
(pdftex.def)             Requested size: 317.3882pt x 205.66995pt.

<images/CRUDOperationsActivity.jpg, id=111, 1335.99126pt x 696.6025pt>
File: images/CRUDOperationsActivity.jpg Graphic file (type jpg)

<use images/CRUDOperationsActivity.jpg>
Package pdftex.def Info: images/CRUDOperationsActivity.jpg used on input line 9
5.
(pdftex.def)             Requested size: 400.80048pt x 208.98236pt.

Overfull \hbox (40.17517pt too wide) in paragraph at lines 93--96
[] 
 []

[6]
Underfull \hbox (badness 10000) in paragraph at lines 99--101

 []


Underfull \hbox (badness 10000) in paragraph at lines 101--103

 []

[7 <C:/Users/GASwipper Gcc/Documents/COS-301-Group-2-b/images/CRUDOperations.jp
g> <C:/Users/GASwipper Gcc/Documents/COS-301-Group-2-b/images/CRUDOperationsAct
ivity.jpg>]
Underfull \hbox (badness 10000) in paragraph at lines 108--110

 []


Underfull \hbox (badness 10000) in paragraph at lines 110--112

 []


Underfull \hbox (badness 10000) in paragraph at lines 117--119

 []


Underfull \hbox (badness 10000) in paragraph at lines 119--121

 []


Underfull \hbox (badness 10000) in paragraph at lines 126--128

 []


Underfull \hbox (badness 10000) in paragraph at lines 128--130

 []

[8]
Underfull \hbox (badness 10000) in paragraph at lines 137--139

 []

<images/PostRestrictions.jpg, id=137, 769.87625pt x 530.98375pt>
File: images/PostRestrictions.jpg Graphic file (type jpg)

<use images/PostRestrictions.jpg>
Package pdftex.def Info: images/PostRestrictions.jpg used on input line 140.
(pdftex.def)             Requested size: 307.94504pt x 212.38972pt.

<images/PostRestrictionsActivity.jpg, id=138, 1258.7025pt x 577.15625pt>
File: images/PostRestrictionsActivity.jpg Graphic file (type jpg)

<use images/PostRestrictionsActivity.jpg>
Package pdftex.def Info: images/PostRestrictionsActivity.jpg used on input line
 141.
(pdftex.def)             Requested size: 440.55247pt x 202.0077pt.

Overfull \hbox (79.92717pt too wide) in paragraph at lines 139--142
[] 
 []

[9 <C:/Users/GASwipper Gcc/Documents/COS-301-Group-2-b/images/PostRestrictions.
jpg>]
Underfull \hbox (badness 10000) in paragraph at lines 146--148

 []


Underfull \hbox (badness 10000) in paragraph at lines 148--150

 []

<images/PostReadTracker.jpg, id=145, 819.06pt x 474.77374pt>
File: images/PostReadTracker.jpg Graphic file (type jpg)

<use images/PostReadTracker.jpg>
Package pdftex.def Info: images/PostReadTracker.jpg used on input line 151.
(pdftex.def)             Requested size: 327.6182pt x 189.90613pt.

<images/PostReadActivity.jpg, id=146, 942.52126pt x 366.36874pt>
File: images/PostReadActivity.jpg Graphic file (type jpg)

<use images/PostReadActivity.jpg>
Package pdftex.def Info: images/PostReadActivity.jpg used on input line 152.
(pdftex.def)             Requested size: 377.00183pt x 146.54489pt.

Overfull \hbox (16.37653pt too wide) in paragraph at lines 150--153
[] 
 []

[10 <C:/Users/GASwipper Gcc/Documents/COS-301-Group-2-b/images/PostRestrictions
Activity.jpg>] [11 <C:/Users/GASwipper Gcc/Documents/COS-301-Group-2-b/images/P
ostReadTracker.jpg> <C:/Users/GASwipper Gcc/Documents/COS-301-Group-2-b/images/
PostReadActivity.jpg>]
<images/socialTagging.jpg, id=161, 511.9125pt x 469.755pt>
File: images/socialTagging.jpg Graphic file (type jpg)

<use images/socialTagging.jpg>
Package pdftex.def Info: images/socialTagging.jpg used on input line 188.
(pdftex.def)             Requested size: 511.91125pt x 469.75386pt.

Overfull \hbox (121.91125pt too wide) in paragraph at lines 188--189
[]
 []

<images/socialTaggingActivity.jpg, id=162, 476.78125pt x 244.915pt> [12]
[13]
Overfull \vbox (1.50148pt too high) has occurred while \output is active []


[14 <C:/Users/GASwipper Gcc/Documents/COS-301-Group-2-b/images/socialTagging.jp
g>]
File: images/socialTaggingActivity.jpg Graphic file (type jpg)
 <use images/socialTaggingActivity.jpg>
Package pdftex.def Info: images/socialTaggingActivity.jpg used on input line 19
0.
(pdftex.def)             Requested size: 476.78008pt x 244.91438pt.

Overfull \hbox (104.40489pt too wide) in paragraph at lines 190--191
[][]
 []

<images/AutoChangeUserStatus.jpg, id=186, 772.8875pt x 492.84125pt>
File: images/AutoChangeUserStatus.jpg Graphic file (type jpg)

<use images/AutoChangeUserStatus.jpg>
Package pdftex.def Info: images/AutoChangeUserStatus.jpg used on input line 201
.
(pdftex.def)             Requested size: 386.4428pt x 246.42001pt.

<images/ChangeUserStatusActivity.jpg, id=187, 915.42pt x 499.8675pt>
File: images/ChangeUserStatusActivity.jpg Graphic file (type jpg)

<use images/ChangeUserStatusActivity.jpg>
Package pdftex.def Info: images/ChangeUserStatusActivity.jpg used on input line
 202.
(pdftex.def)             Requested size: 457.70888pt x 249.93314pt.

Overfull \hbox (25.81749pt too wide) in paragraph at lines 201--203
 [] 
 []


Overfull \hbox (97.08357pt too wide) in paragraph at lines 201--203
 [] 
 []

[15 <C:/Users/GASwipper Gcc/Documents/COS-301-Group-2-b/images/socialTaggingAct
ivity.jpg>] [16 <C:/Users/GASwipper Gcc/Documents/COS-301-Group-2-b/images/Auto
ChangeUserStatus.jpg> <C:/Users/GASwipper Gcc/Documents/COS-301-Group-2-b/image
s/ChangeUserStatusActivity.jpg>]
<images/integrateSystem.jpg, id=202, 866.23625pt x 499.8675pt>
File: images/integrateSystem.jpg Graphic file (type jpg)

<use images/integrateSystem.jpg>
Package pdftex.def Info: images/integrateSystem.jpg used on input line 214.
(pdftex.def)             Requested size: 433.11707pt x 249.93314pt.

<images/integrateSystemActivity.jpg, id=203, 942.52126pt x 510.90875pt>
File: images/integrateSystemActivity.jpg Graphic file (type jpg)

<use images/integrateSystemActivity.jpg>
Package pdftex.def Info: images/integrateSystemActivity.jpg used on input line 
215.
(pdftex.def)             Requested size: 471.25948pt x 255.45375pt.

Overfull \hbox (72.49176pt too wide) in paragraph at lines 214--216
 [] 
 []


Overfull \hbox (110.63417pt too wide) in paragraph at lines 214--216
 [] 
 []

[17 <C:/Users/GASwipper Gcc/Documents/COS-301-Group-2-b/images/integrateSystem.
jpg>]
Underfull \hbox (badness 10000) in paragraph at lines 221--223

 []


Underfull \hbox (badness 10000) in paragraph at lines 224--226

 []

<images/plagiarismCheckUC.jpg, id=214, 782.17218pt x 529.98pt>
File: images/plagiarismCheckUC.jpg Graphic file (type jpg)

<use images/plagiarismCheckUC.jpg>
Package pdftex.def Info: images/plagiarismCheckUC.jpg used on input line 227.
(pdftex.def)             Requested size: 312.86333pt x 211.98824pt.

<images/plagiarismCheckAD.jpg, id=215, 676.77844pt x 491.58656pt>
File: images/plagiarismCheckAD.jpg Graphic file (type jpg)

<use images/plagiarismCheckAD.jpg>
Package pdftex.def Info: images/plagiarismCheckAD.jpg used on input line 228.
(pdftex.def)             Requested size: 236.876pt x 172.05786pt.
 [18 <C:/Users/GASwipper Gcc/Documents/COS-301-Group-2-b/images/integrateSystem
Activity.jpg>]
Underfull \hbox (badness 10000) in paragraph at lines 233--235

 []


Underfull \hbox (badness 10000) in paragraph at lines 236--238

 []

[19 <C:/Users/GASwipper Gcc/Documents/COS-301-Group-2-b/images/plagiarismCheckU
C.jpg> <C:/Users/GASwipper Gcc/Documents/COS-301-Group-2-b/images/plagiarismChe
ckAD.jpg>] <images/plagiarismReportUC.jpg, id=232, 809.27344pt x 533.74406pt>
File: images/plagiarismReportUC.jpg Graphic file (type jpg)

<use images/plagiarismReportUC.jpg>
Package pdftex.def Info: images/plagiarismReportUC.jpg used on input line 239.
(pdftex.def)             Requested size: 323.70364pt x 213.49384pt.

<images/plagiarismReportAD.jpg, id=233, 590.95781pt x 408.77719pt>
File: images/plagiarismReportAD.jpg Graphic file (type jpg)

<use images/plagiarismReportAD.jpg>
Package pdftex.def Info: images/plagiarismReportAD.jpg used on input line 240.
(pdftex.def)             Requested size: 206.83832pt x 143.07416pt.

Underfull \hbox (badness 10000) in paragraph at lines 245--247

 []


Underfull \hbox (badness 10000) in paragraph at lines 248--250

 []

[20 <C:/Users/GASwipper Gcc/Documents/COS-301-Group-2-b/images/plagiarismReport
UC.jpg> <C:/Users/GASwipper Gcc/Documents/COS-301-Group-2-b/images/plagiarismRe
portAD.jpg>] <images/netiquetteUseCase.jpg, id=242, 680.5425pt x 515.67656pt>
File: images/netiquetteUseCase.jpg Graphic file (type jpg)

<use images/netiquetteUseCase.jpg>
Package pdftex.def Info: images/netiquetteUseCase.jpg used on input line 251.
(pdftex.def)             Requested size: 272.21217pt x 206.26697pt.

<images/NetiquetteActivityDiagram.jpg, id=243, 742.27313pt x 501.37312pt>
File: images/NetiquetteActivityDiagram.jpg Graphic file (type jpg)

<use images/NetiquetteActivityDiagram.jpg>
Package pdftex.def Info: images/NetiquetteActivityDiagram.jpg used on input lin
e 252.
(pdftex.def)             Requested size: 259.79948pt x 175.48322pt.
Package atveryend Info: Empty hook `BeforeClearDocument' on input line 262.
 [21 <C:/Users/GASwipper Gcc/Documents/COS-301-Group-2-b/images/netiquetteUseCa
se.jpg> <C:/Users/GASwipper Gcc/Documents/COS-301-Group-2-b/images/NetiquetteAc
tivityDiagram.jpg>] [22]
Package atveryend Info: Empty hook `AfterLastShipout' on input line 262.

("C:\Users\GASwipper Gcc\Documents\COS-301-Group-2-b\Functional Requirements.au
x")
Package atveryend Info: Executing hook `AtVeryEndDocument' on input line 262.
Package atveryend Info: Empty hook `AtEndAfterFileList' on input line 262.


LaTeX Warning: There were undefined references.

Package atveryend Info: Empty hook `AtVeryVeryEnd' on input line 262.
 ) 
Here is how much of TeX's memory you used:
 5465 strings out of 493921
 83062 string characters out of 3144852
 156738 words of memory out of 3000000
 8594 multiletter control sequences out of 15000+200000
 7894 words of font info for 28 fonts, out of 3000000 for 9000
 841 hyphenation exceptions out of 8191
 35i,6n,30p,521b,468s stack positions out of 5000i,500n,10000p,200000b,50000s
pdfTeX warning (dest): name{subsection.4.15} has been referenced but does not
 exist, replaced by a fixed one

pdfTeX warning (dest): name{subsection.4.14} has been referenced but does not e
xist, replaced by a fixed one

pdfTeX warning (dest): name{subsubsection.4.12.3} has been referenced but does 
not exist, replaced by a fixed one

pdfTeX warning (dest): name{subsubsection.4.12.2} has been referenced but does 
not exist, replaced by a fixed one

pdfTeX warning (dest): name{subsubsection.4.12.1} has been referenced but does 
not exist, replaced by a fixed one

<C:/Program Files (x86)/MiKTeX 2.9/fonts/type1/public/amsfonts/cm/cmbx12.pfb><C
:/Program Files (x86)/MiKTeX 2.9/fonts/type1/public/amsfonts/cm/cmr12.pfb><C:/P
rogram Files (x86)/MiKTeX 2.9/fonts/type1/public/amsfonts/cm/cmr17.pfb>
Output written on "Functional Requirements.pdf" (22 pages, 1809013 bytes).
PDF statistics:
 406 PDF objects out of 1000 (max. 8388607)
 121 named destinations out of 1000 (max. 500000)
 400 words of extra memory for PDF output out of 10000 (max. 10000000)

